[07/10/26 17:49:46] info     ================= cer started =================
[07/10/26 17:49:46] info     C:\Program Files\Autodesk\AutoCAD 2027\cer.dll, 7.2.4+20251128.8f05bb68.927
[07/10/26 17:49:46] info     Setting key SP/SDK_VERSION, value 7.2.4+20251128.8f05bb68.927 (maxCount 1)
[07/10/26 17:49:46] info     Setting key SP/PRODUCT_NAME_HASH, value f4bac121a1625586cb5b9106c8e839a7990f2b6c (maxCount 1)
[07/10/26 17:49:46] info     Setting key SP/RUNTIME_ARCH, value 1 (maxCount 1)
[07/10/26 17:49:46] info     Set senddmp exe path to C:\Program Files\Autodesk\AutoCAD 2027\CER\senddmp.exe
[07/10/26 17:49:46] info     The cer_service exe C:\Program Files\Autodesk\AutoCAD 2027\CER\service\cer_service.exe is not in folder C:\Program Files\Autodesk\AutoCAD 2027\CER\, it's not a sandbox
[07/10/26 17:49:46] info     Set upi exe path to C:\Program Files\Autodesk\AutoCAD 2027\CER\upi.exe
[07/10/26 17:49:46] info     launching C:\Program Files\Autodesk\AutoCAD 2027\CER\upi.exe --cmd=get-device-id C:\Users\vilca\AppData\Local\Temp\15FCE767F24F74D1\Temp\upi_deviceid2
[07/10/26 17:49:46] info     Set deviceID2 to D1DDCC2D2039198C921E5FDCC54B8A51E66E74B57FF7D7E0AD6CF4B41734A6B5&F2E5450272A0F3E0C9049B5F10FCFCFE547E666B2C4473E013FB5CF47F079F31&FAA9050188FD5186A97165123BD70D8E6475F9A9A53F53CB8A5A6A18897E49B2
[07/10/26 17:49:46] info     Setting key SP/DEVICEID2, value D1DDCC2D2039198C921E5FDCC54B8A51E66E74B57FF7D7E0AD6CF4B41734A6B5&F2E5450272A0F3E0C9049B5F10FCFCFE547E666B2C4473E013FB5CF47F079F31&FAA9050188FD5186A97165123BD70D8E6475F9A9A53F53CB8A5A6A18897E49B2 (maxCount 1)
[07/10/26 17:49:46] info     Setting key SP/UUID, value f4bac121a1625586cb5b9106c8e839a7990f2b6cD1DDCC2D2039198C921E5FDCC54B8A51E66E74B57FF7D7E0AD6CF4B41734A6B5&F2E5450272A0F3E0C9049B5F10FCFCFE547E666B2C4473E013FB5CF47F079F31&FAA9050188FD5186A97165123BD70D8E6475F9A9A53F53CB8A5A6A18897E49B2 (maxCount 1)
[07/10/26 17:49:46] info     Set senddmp exe path to C:\Program Files\Autodesk\AutoCAD 2027\CER\senddmp.exe
[07/10/26 17:49:46] info     The cer_service exe C:\Program Files\Autodesk\AutoCAD 2027\CER\service\cer_service.exe is not in folder C:\Program Files\Autodesk\AutoCAD 2027\CER\, it's not a sandbox
[07/10/26 17:49:46] info     launching C:\Program Files\Autodesk\AutoCAD 2027\CER\upi.exe "C:\Program Files\Autodesk\AutoCAD 2027\es-ES\UPI\upiconfig.xml" C:\Users\vilca\AppData\Local\Temp\15FCE767F24F74D1\Temp\upi_info.xml
[07/10/26 17:49:46] info     Setting key SP/UPI_PRODUCT, value ACD (maxCount 1)
[07/10/26 17:49:46] info     Setting key SP/UPI_RELEASE, value 2027 (maxCount 1)
[07/10/26 17:49:46] info     Setting key SP/UPI_MASTER, value {28B89EEF-A101-040A-2102-CF3F3A09B77D} (maxCount 1)
[07/10/26 17:49:46] info     Setting key SP/UPI_BUILD, value 26.0.60.0.0 (maxCount 1)
[07/10/26 17:49:46] info     Setting key SP/UPI_FULL_XML, value <?xml version="1.0"?><upipackage><upivalue version="1.0" type="product" requestingapp="true"><level name="productline" id="ACD"><level name="release" id="2027"><level name="master" id="{28B89EEF-A101-040A-2102-CF3F3A09B77D}"><level name="build" id="26.0.60.0.0"/></level></level></level></upivalue>
<upivalue version="1.0" type="product"><level name="productline" id="ACD"><level name="release" id="2027"><level name="master" id="{28B89EEF-A101-040A-1102-CF3F3A09B77D}"><level name="build" id="26.0.60.0.0"/></level></level></level></upivalue>
<upivalue version="1.0" type="product"><level name="productline" id="ARCHDESK"><level name="release" id="2027"><level name="master" id="{28B89EEE-A104-0000-5102-CF3F3A09B77D}"><level name="build" id="8.9.46.0"/></level></level></level></upivalue>
<upivalue version="1.0" type="product"><level name="productline" id="ACD"><level name="release" id="2027"><level name="master" id="{28B89EEF-A101-0000-0102-CF3F3A09B77D}"><level name="build" id="26.0.60.0.0"/></level></level></level></upivalue>
</upipackage> (maxCount 1)
[07/10/26 17:49:46] info     set legacy options: /APPICON "C:\Program Files\Autodesk\AutoCAD 2027\AcBrandRes.dll" /APPICONID 1
[07/10/26 17:49:46] info     Setting key RP/AppIcon, value C:\Program Files\Autodesk\AutoCAD 2027\AcBrandRes.dll (maxCount 1)
[07/10/26 17:49:46] info     Setting key RP/AppIconId, value 1 (maxCount 1)
[07/10/26 17:49:46] info     Setting key RP/CadSettingsRegPath, value Software\Autodesk\AutoCAD\R26.0\ACAD-A101:40A\CadManagerControl\CustomerErrorReport (maxCount 1)
[07/10/26 17:49:46] info     Setting key RP/AppLocaleId, value 1034 (maxCount 1)
[07/10/26 17:49:46] info     Setting key RP/AppXML, value <ProductInformation name ="AutoCAD" build_version="X.60.0.0(x64)" registry_version="26.0" install_id_string="15FCE767F24F74D1" registry_localeID="1034" git_commit_id="90c984aa66a571142ee0757584bac517eec2175a" /> (maxCount 100)
[07/10/26 17:49:46] info     Setting key SP/THEME_TYPE, value Blue (maxCount 1)
[07/10/26 17:49:46] info     Setting key SP/EXCEPTION_INFO_POINTER, value 140723920209176 (maxCount 1)
[07/10/26 17:49:46] info     Setting key SP/THREAD_ID, value 4294967295 (maxCount 1)
[07/10/26 17:49:46] info     Get key SP/THREAD_ID, index 0: "4294967295"
[07/10/26 17:49:46] info     Setting key SP/WER, value 0 (maxCount 1)
[07/10/26 17:49:46] info     Get key SP/WER, index 0: "0"
[07/10/26 17:49:46] info     Registered C:\Program Files\Autodesk\AutoCAD 2027\cer.dll as WER runtime exception module
[07/10/26 17:49:46] info     Current ErrorMode is 32769
[07/10/26 17:49:46] debug    Receiver ping: pong
